# JRE version: Java(TM) SE Runtime Environment (8.0_261-b12) (build 1.8.0_261-b12)
# Java VM: Java HotSpot(TM) 64-Bit Server VM (25.261-b12 mixed mode windows-amd64 compressed oops)
Heap:
 PSYoungGen      total 165376K, used 157696K [0x00000000f5580000, 0x0000000100000000, 0x0000000100000000)
  eden space 157696K, 100% used [0x00000000f5580000,0x00000000fef80000,0x00000000fef80000)
  from space 7680K, 0% used [0x00000000fef80000,0x00000000fef80000,0x00000000ff700000)
  to   space 7168K, 0% used [0x00000000ff900000,0x00000000ff908000,0x0000000100000000)
 ParOldGen       total 349696K, used 130755K [0x00000000e0000000, 0x00000000f5580000, 0x00000000f5580000)
  object space 349696K, 37% used [0x00000000e0000000,0x00000000e7fb0c98,0x00000000f5580000)
 Metaspace       used 12819K, capacity 13760K, committed 13952K, reserved 1060864K
  class space    used 1594K, capacity 1814K, committed 1920K, reserved 1048576K
GC Heap History (10 events):
Event: 9.794 GC heap after
Heap after GC invocations=56 (full 4):
 PSYoungGen      total 163328K, used 1470K [0x00000000f5580000, 0x00000000ffe80000, 0x0000000100000000)
  eden space 155648K, 0% used [0x00000000f5580000,0x00000000f5580000,0x00000000fed80000)
  from space 7680K, 19% used [0x00000000ff700000,0x00000000ff86fb58,0x00000000ffe80000)
  to   space 8704K, 0% used [0x00000000fed80000,0x00000000fed80000,0x00000000ff600000)
 ParOldGen       total 349696K, used 220100K [0x00000000e0000000, 0x00000000f5580000, 0x00000000f5580000)
  object space 349696K, 62% used [0x00000000e0000000,0x00000000ed6f13c0,0x00000000f5580000)
 Metaspace       used 12819K, capacity 13760K, committed 13952K, reserved 1060864K
  class space    used 1594K, capacity 1814K, committed 1920K, reserved 1048576K
}
Event: 9.934 GC heap before
{Heap before GC invocations=57 (full 4):
 PSYoungGen      total 163328K, used 157118K [0x00000000f5580000, 0x00000000ffe80000, 0x0000000100000000)
  eden space 155648K, 100% used [0x00000000f5580000,0x00000000fed80000,0x00000000fed80000)
  from space 7680K, 19% used [0x00000000ff700000,0x00000000ff86fb58,0x00000000ffe80000)
  to   space 8704K, 0% used [0x00000000fed80000,0x00000000fed80000,0x00000000ff600000)
 ParOldGen       total 349696K, used 220100K [0x00000000e0000000, 0x00000000f5580000, 0x00000000f5580000)
  object space 349696K, 62% used [0x00000000e0000000,0x00000000ed6f13c0,0x00000000f5580000)
 Metaspace       used 12819K, capacity 13760K, committed 13952K, reserved 1060864K
  class space    used 1594K, capacity 1814K, committed 1920K, reserved 1048576K
Event: 9.945 GC heap after
Heap after GC invocations=57 (full 4):
 PSYoungGen      total 164352K, used 64K [0x00000000f5580000, 0x0000000100000000, 0x0000000100000000)
  eden space 155648K, 0% used [0x00000000f5580000,0x00000000f5580000,0x00000000fed80000)
  from space 8704K, 0% used [0x00000000fed80000,0x00000000fed90000,0x00000000ff600000)
  to   space 8192K, 0% used [0x00000000ff800000,0x00000000ff800000,0x0000000100000000)
 ParOldGen       total 349696K, used 236125K [0x00000000e0000000, 0x00000000f5580000, 0x00000000f5580000)
  object space 349696K, 67% used [0x00000000e0000000,0x00000000ee6975c0,0x00000000f5580000)
 Metaspace       used 12819K, capacity 13760K, committed 13952K, reserved 1060864K
  class space    used 1594K, capacity 1814K, committed 1920K, reserved 1048576K
}
Event: 10.107 GC heap before
{Heap before GC invocations=58 (full 4):
 PSYoungGen      total 164352K, used 155712K [0x00000000f5580000, 0x0000000100000000, 0x0000000100000000)
  eden space 155648K, 100% used [0x00000000f5580000,0x00000000fed80000,0x00000000fed80000)
  from space 8704K, 0% used [0x00000000fed80000,0x00000000fed90000,0x00000000ff600000)
  to   space 8192K, 0% used [0x00000000ff800000,0x00000000ff800000,0x0000000100000000)
 ParOldGen       total 349696K, used 236125K [0x00000000e0000000, 0x00000000f5580000, 0x00000000f5580000)
  object space 349696K, 67% used [0x00000000e0000000,0x00000000ee6975c0,0x00000000f5580000)
 Metaspace       used 12819K, capacity 13760K, committed 13952K, reserved 1060864K
  class space    used 1594K, capacity 1814K, committed 1920K, reserved 1048576K
Event: 10.126 GC heap after
Heap after GC invocations=58 (full 4):
 PSYoungGen      total 164352K, used 64K [0x00000000f5580000, 0x00000000ffe80000, 0x0000000100000000)
  eden space 157696K, 0% used [0x00000000f5580000,0x00000000f5580000,0x00000000fef80000)
  from space 6656K, 0% used [0x00000000ff800000,0x00000000ff810000,0x00000000ffe80000)
  to   space 7680K, 0% used [0x00000000fef80000,0x00000000fef80000,0x00000000ff700000)
 ParOldGen       total 349696K, used 260162K [0x00000000e0000000, 0x00000000f5580000, 0x00000000f5580000)
  object space 349696K, 74% used [0x00000000e0000000,0x00000000efe108b0,0x00000000f5580000)
 Metaspace       used 12819K, capacity 13760K, committed 13952K, reserved 1060864K
  class space    used 1594K, capacity 1814K, committed 1920K, reserved 1048576K
}
Event: 10.278 GC heap before
{Heap before GC invocations=59 (full 4):
 PSYoungGen      total 164352K, used 157760K [0x00000000f5580000, 0x00000000ffe80000, 0x0000000100000000)
  eden space 157696K, 100% used [0x00000000f5580000,0x00000000fef80000,0x00000000fef80000)
  from space 6656K, 0% used [0x00000000ff800000,0x00000000ff810000,0x00000000ffe80000)
  to   space 7680K, 0% used [0x00000000fef80000,0x00000000fef80000,0x00000000ff700000)
 ParOldGen       total 349696K, used 260162K [0x00000000e0000000, 0x00000000f5580000, 0x00000000f5580000)
  object space 349696K, 74% used [0x00000000e0000000,0x00000000efe108b0,0x00000000f5580000)
 Metaspace       used 12819K, capacity 13760K, committed 13952K, reserved 1060864K
  class space    used 1594K, capacity 1814K, committed 1920K, reserved 1048576K
Event: 10.307 GC heap after
Heap after GC invocations=59 (full 4):
 PSYoungGen      total 165376K, used 64K [0x00000000f5580000, 0x0000000100000000, 0x0000000100000000)
  eden space 157696K, 0% used [0x00000000f5580000,0x00000000f5580000,0x00000000fef80000)
  from space 7680K, 0% used [0x00000000fef80000,0x00000000fef90000,0x00000000ff700000)
  to   space 7168K, 0% used [0x00000000ff900000,0x00000000ff900000,0x0000000100000000)
 ParOldGen       total 349696K, used 296217K [0x00000000e0000000, 0x00000000f5580000, 0x00000000f5580000)
  object space 349696K, 84% used [0x00000000e0000000,0x00000000f2146510,0x00000000f5580000)
 Metaspace       used 12819K, capacity 13760K, committed 13952K, reserved 1060864K
  class space    used 1594K, capacity 1814K, committed 1920K, reserved 1048576K
}
Event: 10.307 GC heap before
{Heap before GC invocations=60 (full 5):
 PSYoungGen      total 165376K, used 64K [0x00000000f5580000, 0x0000000100000000, 0x0000000100000000)
  eden space 157696K, 0% used [0x00000000f5580000,0x00000000f5580000,0x00000000fef80000)
  from space 7680K, 0% used [0x00000000fef80000,0x00000000fef90000,0x00000000ff700000)
  to   space 7168K, 0% used [0x00000000ff900000,0x00000000ff900000,0x0000000100000000)
 ParOldGen       total 349696K, used 296217K [0x00000000e0000000, 0x00000000f5580000, 0x00000000f5580000)
  object space 349696K, 84% used [0x00000000e0000000,0x00000000f2146510,0x00000000f5580000)
 Metaspace       used 12819K, capacity 13760K, committed 13952K, reserved 1060864K
  class space    used 1594K, capacity 1814K, committed 1920K, reserved 1048576K
Event: 10.403 GC heap after
Heap after GC invocations=60 (full 5):
 PSYoungGen      total 165376K, used 0K [0x00000000f5580000, 0x0000000100000000, 0x0000000100000000)
  eden space 157696K, 0% used [0x00000000f5580000,0x00000000f5580000,0x00000000fef80000)
  from space 7680K, 0% used [0x00000000fef80000,0x00000000fef80000,0x00000000ff700000)
  to   space 7168K, 0% used [0x00000000ff900000,0x00000000ff900000,0x0000000100000000)
 ParOldGen       total 349696K, used 76672K [0x00000000e0000000, 0x00000000f5580000, 0x00000000f5580000)
  object space 349696K, 21% used [0x00000000e0000000,0x00000000e4ae0210,0x00000000f5580000)
 Metaspace       used 12819K, capacity 13760K, committed 13952K, reserved 1060864K
  class space    used 1594K, capacity 1814K, committed 1920K, reserved 1048576K
}
Event: 10.534 GC heap before
{Heap before GC invocations=61 (full 5):
 PSYoungGen      total 165376K, used 157696K [0x00000000f5580000, 0x0000000100000000, 0x0000000100000000)
  eden space 157696K, 100% used [0x00000000f5580000,0x00000000fef80000,0x00000000fef80000)
  from space 7680K, 0% used [0x00000000fef80000,0x00000000fef80000,0x00000000ff700000)
  to   space 7168K, 0% used [0x00000000ff900000,0x00000000ff900000,0x0000000100000000)
 ParOldGen       total 349696K, used 76672K [0x00000000e0000000, 0x00000000f5580000, 0x00000000f5580000)
  object space 349696K, 21% used [0x00000000e0000000,0x00000000e4ae0210,0x00000000f5580000)
 Metaspace       used 12819K, capacity 13760K, committed 13952K, reserved 1060864K
  class space    used 1594K, capacity 1814K, committed 1920K, reserved 1048576K

