# JRE version: Java(TM) SE Runtime Environment (8.0_261-b12) (build 1.8.0_261-b12)
# Java VM: Java HotSpot(TM) 64-Bit Server VM (25.261-b12 mixed mode windows-amd64 compressed oops)
Heap:
 PSYoungGen      total 1011200K, used 1011169K [0x0000000715580000, 0x0000000794100000, 0x00000007c0000000)
  eden space 408064K, 100% used [0x0000000715580000,0x000000072e400000,0x000000072e400000)
  from space 603136K, 99% used [0x000000075c180000,0x0000000780e786c0,0x0000000780e80000)
  to   space 751104K, 93% used [0x000000072e400000,0x0000000758ed1f58,0x000000075c180000)
 ParOldGen       total 1609728K, used 959783K [0x00000005c0000000, 0x0000000622400000, 0x0000000715580000)
  object space 1609728K, 59% used [0x00000005c0000000,0x00000005fa949e30,0x0000000622400000)
 Metaspace       used 12131K, capacity 13124K, committed 13440K, reserved 1060864K
  class space    used 1593K, capacity 1814K, committed 1920K, reserved 1048576K
GC Heap History (10 events):
Event: 5.110 GC heap after
Heap after GC invocations=9 (full 2):
 PSYoungGen      total 733696K, used 362994K [0x0000000715580000, 0x0000000773200000, 0x00000007c0000000)
  eden space 370688K, 0% used [0x0000000715580000,0x0000000715580000,0x000000072bf80000)
  from space 363008K, 99% used [0x000000072bf80000,0x00000007421fcbe0,0x0000000742200000)
  to   space 520704K, 0% used [0x0000000753580000,0x0000000753580000,0x0000000773200000)
 ParOldGen       total 867840K, used 705605K [0x00000005c0000000, 0x00000005f4f80000, 0x0000000715580000)
  object space 867840K, 81% used [0x00000005c0000000,0x00000005eb1114b8,0x00000005f4f80000)
 Metaspace       used 12131K, capacity 13124K, committed 13440K, reserved 1060864K
  class space    used 1593K, capacity 1814K, committed 1920K, reserved 1048576K
}
Event: 5.110 GC heap before
{Heap before GC invocations=10 (full 3):
 PSYoungGen      total 733696K, used 362994K [0x0000000715580000, 0x0000000773200000, 0x00000007c0000000)
  eden space 370688K, 0% used [0x0000000715580000,0x0000000715580000,0x000000072bf80000)
  from space 363008K, 99% used [0x000000072bf80000,0x00000007421fcbe0,0x0000000742200000)
  to   space 520704K, 0% used [0x0000000753580000,0x0000000753580000,0x0000000773200000)
 ParOldGen       total 867840K, used 705605K [0x00000005c0000000, 0x00000005f4f80000, 0x0000000715580000)
  object space 867840K, 81% used [0x00000005c0000000,0x00000005eb1114b8,0x00000005f4f80000)
 Metaspace       used 12131K, capacity 13124K, committed 13440K, reserved 1060864K
  class space    used 1593K, capacity 1814K, committed 1920K, reserved 1048576K
Event: 9.512 GC heap after
Heap after GC invocations=10 (full 3):
 PSYoungGen      total 733696K, used 0K [0x0000000715580000, 0x0000000773200000, 0x00000007c0000000)
  eden space 370688K, 0% used [0x0000000715580000,0x0000000715580000,0x000000072bf80000)
  from space 363008K, 0% used [0x000000072bf80000,0x000000072bf80000,0x0000000742200000)
  to   space 520704K, 0% used [0x0000000753580000,0x0000000753580000,0x0000000773200000)
 ParOldGen       total 1609728K, used 809815K [0x00000005c0000000, 0x0000000622400000, 0x0000000715580000)
  object space 1609728K, 50% used [0x00000005c0000000,0x00000005f16d5e30,0x0000000622400000)
 Metaspace       used 12131K, capacity 13124K, committed 13440K, reserved 1060864K
  class space    used 1593K, capacity 1814K, committed 1920K, reserved 1048576K
}
Event: 9.678 GC heap before
{Heap before GC invocations=11 (full 3):
 PSYoungGen      total 733696K, used 299158K [0x0000000715580000, 0x0000000773200000, 0x00000007c0000000)
  eden space 370688K, 80% used [0x0000000715580000,0x00000007279a5bf0,0x000000072bf80000)
  from space 363008K, 0% used [0x000000072bf80000,0x000000072bf80000,0x0000000742200000)
  to   space 520704K, 0% used [0x0000000753580000,0x0000000753580000,0x0000000773200000)
 ParOldGen       total 1609728K, used 809815K [0x00000005c0000000, 0x0000000622400000, 0x0000000715580000)
  object space 1609728K, 50% used [0x00000005c0000000,0x00000005f16d5e30,0x0000000622400000)
 Metaspace       used 12131K, capacity 13124K, committed 13440K, reserved 1060864K
  class space    used 1593K, capacity 1814K, committed 1920K, reserved 1048576K
Event: 9.836 GC heap after
Heap after GC invocations=11 (full 3):
 PSYoungGen      total 990208K, used 330315K [0x0000000715580000, 0x0000000773180000, 0x00000007c0000000)
  eden space 470016K, 0% used [0x0000000715580000,0x0000000715580000,0x0000000732080000)
  from space 520192K, 63% used [0x0000000753580000,0x0000000767812f40,0x0000000773180000)
  to   space 532992K, 0% used [0x0000000732080000,0x0000000732080000,0x0000000752900000)
 ParOldGen       total 1609728K, used 809815K [0x00000005c0000000, 0x0000000622400000, 0x0000000715580000)
  object space 1609728K, 50% used [0x00000005c0000000,0x00000005f16d5e30,0x0000000622400000)
 Metaspace       used 12131K, capacity 13124K, committed 13440K, reserved 1060864K
  class space    used 1593K, capacity 1814K, committed 1920K, reserved 1048576K
}
Event: 10.133 GC heap before
{Heap before GC invocations=12 (full 3):
 PSYoungGen      total 990208K, used 800331K [0x0000000715580000, 0x0000000773180000, 0x00000007c0000000)
  eden space 470016K, 100% used [0x0000000715580000,0x0000000732080000,0x0000000732080000)
  from space 520192K, 63% used [0x0000000753580000,0x0000000767812f40,0x0000000773180000)
  to   space 532992K, 0% used [0x0000000732080000,0x0000000732080000,0x0000000752900000)
 ParOldGen       total 1609728K, used 809815K [0x00000005c0000000, 0x0000000622400000, 0x0000000715580000)
  object space 1609728K, 50% used [0x00000005c0000000,0x00000005f16d5e30,0x0000000622400000)
 Metaspace       used 12131K, capacity 13124K, committed 13440K, reserved 1060864K
  class space    used 1593K, capacity 1814K, committed 1920K, reserved 1048576K
Event: 10.370 GC heap after
Heap after GC invocations=12 (full 3):
 PSYoungGen      total 1003008K, used 487572K [0x0000000715580000, 0x0000000780e80000, 0x00000007c0000000)
  eden space 470016K, 0% used [0x0000000715580000,0x0000000715580000,0x0000000732080000)
  from space 532992K, 91% used [0x0000000732080000,0x000000074fca5230,0x0000000752900000)
  to   space 603136K, 0% used [0x000000075c180000,0x000000075c180000,0x0000000780e80000)
 ParOldGen       total 1609728K, used 809815K [0x00000005c0000000, 0x0000000622400000, 0x0000000715580000)
  object space 1609728K, 50% used [0x00000005c0000000,0x00000005f16d5e30,0x0000000622400000)
 Metaspace       used 12131K, capacity 13124K, committed 13440K, reserved 1060864K
  class space    used 1593K, capacity 1814K, committed 1920K, reserved 1048576K
}
Event: 10.627 GC heap before
{Heap before GC invocations=13 (full 3):
 PSYoungGen      total 1003008K, used 927365K [0x0000000715580000, 0x0000000780e80000, 0x00000007c0000000)
  eden space 470016K, 93% used [0x0000000715580000,0x00000007302fc1f0,0x0000000732080000)
  from space 532992K, 91% used [0x0000000732080000,0x000000074fca5230,0x0000000752900000)
  to   space 603136K, 0% used [0x000000075c180000,0x000000075c180000,0x0000000780e80000)
 ParOldGen       total 1609728K, used 809815K [0x00000005c0000000, 0x0000000622400000, 0x0000000715580000)
  object space 1609728K, 50% used [0x00000005c0000000,0x00000005f16d5e30,0x0000000622400000)
 Metaspace       used 12131K, capacity 13124K, committed 13440K, reserved 1060864K
  class space    used 1593K, capacity 1814K, committed 1920K, reserved 1048576K
Event: 10.992 GC heap after
Heap after GC invocations=13 (full 3):
 PSYoungGen      total 1011200K, used 603105K [0x0000000715580000, 0x0000000794100000, 0x00000007c0000000)
  eden space 408064K, 0% used [0x0000000715580000,0x0000000715580000,0x000000072e400000)
  from space 603136K, 99% used [0x000000075c180000,0x0000000780e786c0,0x0000000780e80000)
  to   space 751104K, 0% used [0x000000072e400000,0x000000072e400000,0x000000075c180000)
 ParOldGen       total 1609728K, used 959783K [0x00000005c0000000, 0x0000000622400000, 0x0000000715580000)
  object space 1609728K, 59% used [0x00000005c0000000,0x00000005fa949e30,0x0000000622400000)
 Metaspace       used 12131K, capacity 13124K, committed 13440K, reserved 1060864K
  class space    used 1593K, capacity 1814K, committed 1920K, reserved 1048576K
}
Event: 11.218 GC heap before
{Heap before GC invocations=14 (full 3):
 PSYoungGen      total 1011200K, used 1011169K [0x0000000715580000, 0x0000000794100000, 0x00000007c0000000)
  eden space 408064K, 100% used [0x0000000715580000,0x000000072e400000,0x000000072e400000)
  from space 603136K, 99% used [0x000000075c180000,0x0000000780e786c0,0x0000000780e80000)
  to   space 751104K, 0% used [0x000000072e400000,0x000000072e400000,0x000000075c180000)
 ParOldGen       total 1609728K, used 959783K [0x00000005c0000000, 0x0000000622400000, 0x0000000715580000)
  object space 1609728K, 59% used [0x00000005c0000000,0x00000005fa949e30,0x0000000622400000)
 Metaspace       used 12131K, capacity 13124K, committed 13440K, reserved 1060864K
  class space    used 1593K, capacity 1814K, committed 1920K, reserved 1048576K

