# JRE version: Java(TM) SE Runtime Environment (8.0_261-b12) (build 1.8.0_261-b12)
# Java VM: Java HotSpot(TM) 64-Bit Server VM (25.261-b12 mixed mode windows-amd64 compressed oops)
Heap:
 PSYoungGen      total 1785856K, used 1296605K [0x0000000715580000, 0x00000007bd480000, 0x00000007c0000000)
  eden space 887808K, 89% used [0x0000000715580000,0x0000000745d76208,0x000000074b880000)
  from space 898048K, 55% used [0x0000000786780000,0x00000007a51c1518,0x00000007bd480000)
  to   space 931840K, 57% used [0x000000074b880000,0x000000076c7eab28,0x0000000784680000)
 ParOldGen       total 2943488K, used 2389516K [0x00000005c0000000, 0x0000000673a80000, 0x0000000715580000)
  object space 2943488K, 81% used [0x00000005c0000000,0x0000000651d83338,0x0000000673a80000)
 Metaspace       used 12168K, capacity 13128K, committed 13440K, reserved 1060864K
  class space    used 1593K, capacity 1814K, committed 1920K, reserved 1048576K
GC Heap History (10 events):
Event: 10.211 GC heap after
Heap after GC invocations=12 (full 2):
 PSYoungGen      total 1656832K, used 900577K [0x0000000715580000, 0x00000007b7c00000, 0x00000007c0000000)
  eden space 756224K, 0% used [0x0000000715580000,0x0000000715580000,0x0000000743800000)
  from space 900608K, 99% used [0x000000077c600000,0x00000007b35786c0,0x00000007b3580000)
  to   space 931840K, 0% used [0x0000000743800000,0x0000000743800000,0x000000077c600000)
 ParOldGen       total 1167872K, used 1038895K [0x00000005c0000000, 0x0000000607480000, 0x0000000715580000)
  object space 1167872K, 88% used [0x00000005c0000000,0x00000005ff68bd08,0x0000000607480000)
 Metaspace       used 12164K, capacity 13128K, committed 13440K, reserved 1060864K
  class space    used 1593K, capacity 1814K, committed 1920K, reserved 1048576K
}
Event: 10.211 GC heap before
{Heap before GC invocations=13 (full 3):
 PSYoungGen      total 1656832K, used 900577K [0x0000000715580000, 0x00000007b7c00000, 0x00000007c0000000)
  eden space 756224K, 0% used [0x0000000715580000,0x0000000715580000,0x0000000743800000)
  from space 900608K, 99% used [0x000000077c600000,0x00000007b35786c0,0x00000007b3580000)
  to   space 931840K, 0% used [0x0000000743800000,0x0000000743800000,0x000000077c600000)
 ParOldGen       total 1167872K, used 1038895K [0x00000005c0000000, 0x0000000607480000, 0x0000000715580000)
  object space 1167872K, 88% used [0x00000005c0000000,0x00000005ff68bd08,0x0000000607480000)
 Metaspace       used 12164K, capacity 13128K, committed 13440K, reserved 1060864K
  class space    used 1593K, capacity 1814K, committed 1920K, reserved 1048576K
Event: 18.247 GC heap after
Heap after GC invocations=13 (full 3):
 PSYoungGen      total 1656832K, used 475153K [0x0000000715580000, 0x00000007b7c00000, 0x00000007c0000000)
  eden space 756224K, 0% used [0x0000000715580000,0x0000000715580000,0x0000000743800000)
  from space 900608K, 52% used [0x000000077c600000,0x00000007996044c0,0x00000007b3580000)
  to   space 931840K, 0% used [0x0000000743800000,0x0000000743800000,0x000000077c600000)
 ParOldGen       total 1927168K, used 1167858K [0x00000005c0000000, 0x0000000635a00000, 0x0000000715580000)
  object space 1927168K, 60% used [0x00000005c0000000,0x000000060747cb38,0x0000000635a00000)
 Metaspace       used 12164K, capacity 13128K, committed 13440K, reserved 1060864K
  class space    used 1593K, capacity 1814K, committed 1920K, reserved 1048576K
}
Event: 18.514 GC heap before
{Heap before GC invocations=14 (full 3):
 PSYoungGen      total 1656832K, used 1095494K [0x0000000715580000, 0x00000007b7c00000, 0x00000007c0000000)
  eden space 756224K, 82% used [0x0000000715580000,0x000000073b34d6f0,0x0000000743800000)
  from space 900608K, 52% used [0x000000077c600000,0x00000007996044c0,0x00000007b3580000)
  to   space 931840K, 0% used [0x0000000743800000,0x0000000743800000,0x000000077c600000)
 ParOldGen       total 1927168K, used 1167858K [0x00000005c0000000, 0x0000000635a00000, 0x0000000715580000)
  object space 1927168K, 60% used [0x00000005c0000000,0x000000060747cb38,0x0000000635a00000)
 Metaspace       used 12164K, capacity 13128K, committed 13440K, reserved 1060864K
  class space    used 1593K, capacity 1814K, committed 1920K, reserved 1048576K
Event: 19.413 GC heap after
Heap after GC invocations=14 (full 3):
 PSYoungGen      total 1688064K, used 931810K [0x0000000715580000, 0x00000007bf580000, 0x00000007c0000000)
  eden space 756224K, 0% used [0x0000000715580000,0x0000000715580000,0x0000000743800000)
  from space 931840K, 99% used [0x0000000743800000,0x000000077c5f8a10,0x000000077c600000)
  to   space 931840K, 0% used [0x0000000786780000,0x0000000786780000,0x00000007bf580000)
 ParOldGen       total 1927168K, used 1594745K [0x00000005c0000000, 0x0000000635a00000, 0x0000000715580000)
  object space 1927168K, 82% used [0x00000005c0000000,0x000000062155e6c0,0x0000000635a00000)
 Metaspace       used 12164K, capacity 13128K, committed 13440K, reserved 1060864K
  class space    used 1593K, capacity 1814K, committed 1920K, reserved 1048576K
}
Event: 19.413 GC heap before
{Heap before GC invocations=15 (full 4):
 PSYoungGen      total 1688064K, used 931810K [0x0000000715580000, 0x00000007bf580000, 0x00000007c0000000)
  eden space 756224K, 0% used [0x0000000715580000,0x0000000715580000,0x0000000743800000)
  from space 931840K, 99% used [0x0000000743800000,0x000000077c5f8a10,0x000000077c600000)
  to   space 931840K, 0% used [0x0000000786780000,0x0000000786780000,0x00000007bf580000)
 ParOldGen       total 1927168K, used 1594745K [0x00000005c0000000, 0x0000000635a00000, 0x0000000715580000)
  object space 1927168K, 82% used [0x00000005c0000000,0x000000062155e6c0,0x0000000635a00000)
 Metaspace       used 12164K, capacity 13128K, committed 13440K, reserved 1060864K
  class space    used 1593K, capacity 1814K, committed 1920K, reserved 1048576K
Event: 26.906 GC heap after
Heap after GC invocations=15 (full 4):
 PSYoungGen      total 1688064K, used 0K [0x0000000715580000, 0x00000007bf580000, 0x00000007c0000000)
  eden space 756224K, 0% used [0x0000000715580000,0x0000000715580000,0x0000000743800000)
  from space 931840K, 0% used [0x0000000743800000,0x0000000743800000,0x000000077c600000)
  to   space 931840K, 0% used [0x0000000786780000,0x0000000786780000,0x00000007bf580000)
 ParOldGen       total 2943488K, used 1886647K [0x00000005c0000000, 0x0000000673a80000, 0x0000000715580000)
  object space 2943488K, 64% used [0x00000005c0000000,0x000000063326de20,0x0000000673a80000)
 Metaspace       used 12164K, capacity 13128K, committed 13440K, reserved 1060864K
  class space    used 1593K, capacity 1814K, committed 1920K, reserved 1048576K
}
Event: 27.425 GC heap before
{Heap before GC invocations=16 (full 4):
 PSYoungGen      total 1688064K, used 735915K [0x0000000715580000, 0x00000007bf580000, 0x00000007c0000000)
  eden space 756224K, 97% used [0x0000000715580000,0x000000074242aff8,0x0000000743800000)
  from space 931840K, 0% used [0x0000000743800000,0x0000000743800000,0x000000077c600000)
  to   space 931840K, 0% used [0x0000000786780000,0x0000000786780000,0x00000007bf580000)
 ParOldGen       total 2943488K, used 1886647K [0x00000005c0000000, 0x0000000673a80000, 0x0000000715580000)
  object space 2943488K, 64% used [0x00000005c0000000,0x000000063326de20,0x0000000673a80000)
 Metaspace       used 12168K, capacity 13128K, committed 13440K, reserved 1060864K
  class space    used 1593K, capacity 1814K, committed 1920K, reserved 1048576K
Event: 27.867 GC heap after
Heap after GC invocations=16 (full 4):
 PSYoungGen      total 1785856K, used 502021K [0x0000000715580000, 0x00000007bd480000, 0x00000007c0000000)
  eden space 887808K, 0% used [0x0000000715580000,0x0000000715580000,0x000000074b880000)
  from space 898048K, 55% used [0x0000000786780000,0x00000007a51c1518,0x00000007bd480000)
  to   space 931840K, 0% used [0x000000074b880000,0x000000074b880000,0x0000000784680000)
 ParOldGen       total 2943488K, used 1886655K [0x00000005c0000000, 0x0000000673a80000, 0x0000000715580000)
  object space 2943488K, 64% used [0x00000005c0000000,0x000000063326fe20,0x0000000673a80000)
 Metaspace       used 12168K, capacity 13128K, committed 13440K, reserved 1060864K
  class space    used 1593K, capacity 1814K, committed 1920K, reserved 1048576K
}
Event: 28.342 GC heap before
{Heap before GC invocations=17 (full 4):
 PSYoungGen      total 1785856K, used 1296605K [0x0000000715580000, 0x00000007bd480000, 0x00000007c0000000)
  eden space 887808K, 89% used [0x0000000715580000,0x0000000745d76208,0x000000074b880000)
  from space 898048K, 55% used [0x0000000786780000,0x00000007a51c1518,0x00000007bd480000)
  to   space 931840K, 0% used [0x000000074b880000,0x000000074b880000,0x0000000784680000)
 ParOldGen       total 2943488K, used 1886655K [0x00000005c0000000, 0x0000000673a80000, 0x0000000715580000)
  object space 2943488K, 64% used [0x00000005c0000000,0x000000063326fe20,0x0000000673a80000)
 Metaspace       used 12168K, capacity 13128K, committed 13440K, reserved 1060864K
  class space    used 1593K, capacity 1814K, committed 1920K, reserved 1048576K

