# JRE version: Java(TM) SE Runtime Environment (8.0_261-b12) (build 1.8.0_261-b12)
# Java VM: Java HotSpot(TM) 64-Bit Server VM (25.261-b12 mixed mode windows-amd64 compressed oops)
Heap:
 PSYoungGen      total 118784K, used 71712K [0x00000000f5580000, 0x00000000fff00000, 0x0000000100000000)
  eden space 71680K, 100% used [0x00000000f5580000,0x00000000f9b80000,0x00000000f9b80000)
  from space 47104K, 0% used [0x00000000f9b80000,0x00000000f9b88000,0x00000000fc980000)
  to   space 46592K, 77% used [0x00000000fd180000,0x00000000ff4b5c60,0x00000000fff00000)
 ParOldGen       total 280064K, used 166058K [0x00000000e0000000, 0x00000000f1180000, 0x00000000f5580000)
  object space 280064K, 59% used [0x00000000e0000000,0x00000000ea22a840,0x00000000f1180000)
 Metaspace       used 12813K, capacity 13760K, committed 13952K, reserved 1060864K
  class space    used 1594K, capacity 1814K, committed 1920K, reserved 1048576K
GC Heap History (10 events):
Event: 9.197 GC heap after
Heap after GC invocations=68 (full 3):
 PSYoungGen      total 117760K, used 38346K [0x00000000f5580000, 0x0000000100000000, 0x0000000100000000)
  eden space 79360K, 0% used [0x00000000f5580000,0x00000000f5580000,0x00000000fa300000)
  from space 38400K, 99% used [0x00000000fa300000,0x00000000fc8728a0,0x00000000fc880000)
  to   space 52736K, 0% used [0x00000000fcc80000,0x00000000fcc80000,0x0000000100000000)
 ParOldGen       total 280064K, used 106864K [0x00000000e0000000, 0x00000000f1180000, 0x00000000f5580000)
  object space 280064K, 38% used [0x00000000e0000000,0x00000000e685c218,0x00000000f1180000)
 Metaspace       used 12813K, capacity 13760K, committed 13952K, reserved 1060864K
  class space    used 1594K, capacity 1814K, committed 1920K, reserved 1048576K
}
Event: 9.268 GC heap before
{Heap before GC invocations=69 (full 3):
 PSYoungGen      total 117760K, used 117706K [0x00000000f5580000, 0x0000000100000000, 0x0000000100000000)
  eden space 79360K, 100% used [0x00000000f5580000,0x00000000fa300000,0x00000000fa300000)
  from space 38400K, 99% used [0x00000000fa300000,0x00000000fc8728a0,0x00000000fc880000)
  to   space 52736K, 0% used [0x00000000fcc80000,0x00000000fcc80000,0x0000000100000000)
 ParOldGen       total 280064K, used 106864K [0x00000000e0000000, 0x00000000f1180000, 0x00000000f5580000)
  object space 280064K, 38% used [0x00000000e0000000,0x00000000e685c218,0x00000000f1180000)
 Metaspace       used 12813K, capacity 13760K, committed 13952K, reserved 1060864K
  class space    used 1594K, capacity 1814K, committed 1920K, reserved 1048576K
Event: 9.297 GC heap after
Heap after GC invocations=69 (full 3):
 PSYoungGen      total 124928K, used 10683K [0x00000000f5580000, 0x0000000100000000, 0x0000000100000000)
  eden space 72192K, 0% used [0x00000000f5580000,0x00000000f5580000,0x00000000f9c00000)
  from space 52736K, 20% used [0x00000000fcc80000,0x00000000fd6eec08,0x0000000100000000)
  to   space 49664K, 0% used [0x00000000f9c00000,0x00000000f9c00000,0x00000000fcc80000)
 ParOldGen       total 280064K, used 142021K [0x00000000e0000000, 0x00000000f1180000, 0x00000000f5580000)
  object space 280064K, 50% used [0x00000000e0000000,0x00000000e8ab1550,0x00000000f1180000)
 Metaspace       used 12813K, capacity 13760K, committed 13952K, reserved 1060864K
  class space    used 1594K, capacity 1814K, committed 1920K, reserved 1048576K
}
Event: 9.368 GC heap before
{Heap before GC invocations=70 (full 3):
 PSYoungGen      total 124928K, used 82875K [0x00000000f5580000, 0x0000000100000000, 0x0000000100000000)
  eden space 72192K, 100% used [0x00000000f5580000,0x00000000f9c00000,0x00000000f9c00000)
  from space 52736K, 20% used [0x00000000fcc80000,0x00000000fd6eec08,0x0000000100000000)
  to   space 49664K, 0% used [0x00000000f9c00000,0x00000000f9c00000,0x00000000fcc80000)
 ParOldGen       total 280064K, used 142021K [0x00000000e0000000, 0x00000000f1180000, 0x00000000f5580000)
  object space 280064K, 50% used [0x00000000e0000000,0x00000000e8ab1550,0x00000000f1180000)
 Metaspace       used 12813K, capacity 13760K, committed 13952K, reserved 1060864K
  class space    used 1594K, capacity 1814K, committed 1920K, reserved 1048576K
Event: 9.384 GC heap after
Heap after GC invocations=70 (full 3):
 PSYoungGen      total 88576K, used 16024K [0x00000000f5580000, 0x00000000ff700000, 0x0000000100000000)
  eden space 72192K, 0% used [0x00000000f5580000,0x00000000f5580000,0x00000000f9c00000)
  from space 16384K, 97% used [0x00000000f9c00000,0x00000000faba6200,0x00000000fac00000)
  to   space 46592K, 0% used [0x00000000fc980000,0x00000000fc980000,0x00000000ff700000)
 ParOldGen       total 280064K, used 142021K [0x00000000e0000000, 0x00000000f1180000, 0x00000000f5580000)
  object space 280064K, 50% used [0x00000000e0000000,0x00000000e8ab1550,0x00000000f1180000)
 Metaspace       used 12813K, capacity 13760K, committed 13952K, reserved 1060864K
  class space    used 1594K, capacity 1814K, committed 1920K, reserved 1048576K
}
Event: 9.446 GC heap before
{Heap before GC invocations=71 (full 3):
 PSYoungGen      total 88576K, used 88216K [0x00000000f5580000, 0x00000000ff700000, 0x0000000100000000)
  eden space 72192K, 100% used [0x00000000f5580000,0x00000000f9c00000,0x00000000f9c00000)
  from space 16384K, 97% used [0x00000000f9c00000,0x00000000faba6200,0x00000000fac00000)
  to   space 46592K, 0% used [0x00000000fc980000,0x00000000fc980000,0x00000000ff700000)
 ParOldGen       total 280064K, used 142021K [0x00000000e0000000, 0x00000000f1180000, 0x00000000f5580000)
  object space 280064K, 50% used [0x00000000e0000000,0x00000000e8ab1550,0x00000000f1180000)
 Metaspace       used 12813K, capacity 13760K, committed 13952K, reserved 1060864K
  class space    used 1594K, capacity 1814K, committed 1920K, reserved 1048576K
Event: 9.461 GC heap after
Heap after GC invocations=71 (full 3):
 PSYoungGen      total 118272K, used 24036K [0x00000000f5580000, 0x0000000100000000, 0x0000000100000000)
  eden space 71680K, 0% used [0x00000000f5580000,0x00000000f5580000,0x00000000f9b80000)
  from space 46592K, 51% used [0x00000000fc980000,0x00000000fe0f92f0,0x00000000ff700000)
  to   space 47104K, 0% used [0x00000000f9b80000,0x00000000f9b80000,0x00000000fc980000)
 ParOldGen       total 280064K, used 142021K [0x00000000e0000000, 0x00000000f1180000, 0x00000000f5580000)
  object space 280064K, 50% used [0x00000000e0000000,0x00000000e8ab1550,0x00000000f1180000)
 Metaspace       used 12813K, capacity 13760K, committed 13952K, reserved 1060864K
  class space    used 1594K, capacity 1814K, committed 1920K, reserved 1048576K
}
Event: 9.548 GC heap before
{Heap before GC invocations=72 (full 3):
 PSYoungGen      total 118272K, used 95716K [0x00000000f5580000, 0x0000000100000000, 0x0000000100000000)
  eden space 71680K, 100% used [0x00000000f5580000,0x00000000f9b80000,0x00000000f9b80000)
  from space 46592K, 51% used [0x00000000fc980000,0x00000000fe0f92f0,0x00000000ff700000)
  to   space 47104K, 0% used [0x00000000f9b80000,0x00000000f9b80000,0x00000000fc980000)
 ParOldGen       total 280064K, used 142021K [0x00000000e0000000, 0x00000000f1180000, 0x00000000f5580000)
  object space 280064K, 50% used [0x00000000e0000000,0x00000000e8ab1550,0x00000000f1180000)
 Metaspace       used 12813K, capacity 13760K, committed 13952K, reserved 1060864K
  class space    used 1594K, capacity 1814K, committed 1920K, reserved 1048576K
Event: 9.564 GC heap after
Heap after GC invocations=72 (full 3):
 PSYoungGen      total 118784K, used 32K [0x00000000f5580000, 0x00000000fff00000, 0x0000000100000000)
  eden space 71680K, 0% used [0x00000000f5580000,0x00000000f5580000,0x00000000f9b80000)
  from space 47104K, 0% used [0x00000000f9b80000,0x00000000f9b88000,0x00000000fc980000)
  to   space 46592K, 0% used [0x00000000fd180000,0x00000000fd180000,0x00000000fff00000)
 ParOldGen       total 280064K, used 166058K [0x00000000e0000000, 0x00000000f1180000, 0x00000000f5580000)
  object space 280064K, 59% used [0x00000000e0000000,0x00000000ea22a840,0x00000000f1180000)
 Metaspace       used 12813K, capacity 13760K, committed 13952K, reserved 1060864K
  class space    used 1594K, capacity 1814K, committed 1920K, reserved 1048576K
}
Event: 9.612 GC heap before
{Heap before GC invocations=73 (full 3):
 PSYoungGen      total 118784K, used 71712K [0x00000000f5580000, 0x00000000fff00000, 0x0000000100000000)
  eden space 71680K, 100% used [0x00000000f5580000,0x00000000f9b80000,0x00000000f9b80000)
  from space 47104K, 0% used [0x00000000f9b80000,0x00000000f9b88000,0x00000000fc980000)
  to   space 46592K, 0% used [0x00000000fd180000,0x00000000fd180000,0x00000000fff00000)
 ParOldGen       total 280064K, used 166058K [0x00000000e0000000, 0x00000000f1180000, 0x00000000f5580000)
  object space 280064K, 59% used [0x00000000e0000000,0x00000000ea22a840,0x00000000f1180000)
 Metaspace       used 12813K, capacity 13760K, committed 13952K, reserved 1060864K
  class space    used 1594K, capacity 1814K, committed 1920K, reserved 1048576K

